android/app/build/intermediates/manifest_merge_blame_file/debug/manifest-merger-blame-debug-report.txt
1<?xml version="1.0" encoding="utf-8"?>
2<manifest xmlns:android="http://schemas.android.com/apk/res/android"
3    package="com.skensa"
4    android:versionCode="1"
5    android:versionName="1.0" >
6
7    <uses-sdk
8        android:minSdkVersion="21"
9        android:targetSdkVersion="31" />
10
11    <uses-permission android:name="android.permission.SYSTEM_ALERT_WINDOW" />
11-->src/debug/AndroidManifest.xml:5:5-77
11-->src/debug/AndroidManifest.xml:5:22-75
12    <uses-permission android:name="android.permission.INTERNET" />
12-->src/main/AndroidManifest.xml:4:5-67
12-->src/main/AndroidManifest.xml:4:22-64
13    <uses-permission android:name="android.permission.CAMERA" />
13-->src/main/AndroidManifest.xml:5:5-65
13-->src/main/AndroidManifest.xml:5:22-62
14    <uses-permission android:name="android.permission.ACCESS_WIFI_STATE" />
14-->[com.facebook.flipper:flipper:0.125.0] AndroidManifest.xml:16:5-76
14-->[com.facebook.flipper:flipper:0.125.0] AndroidManifest.xml:16:22-73
15
16    <queries>
16-->[androidx.camera:camera-extensions:1.1.0-beta02] AndroidManifest.xml:24:5-28:15
17        <intent>
17-->[androidx.camera:camera-extensions:1.1.0-beta02] AndroidManifest.xml:25:9-27:18
18            <action android:name="androidx.camera.extensions.action.VENDOR_ACTION" />
18-->[androidx.camera:camera-extensions:1.1.0-beta02] AndroidManifest.xml:26:13-86
18-->[androidx.camera:camera-extensions:1.1.0-beta02] AndroidManifest.xml:26:21-83
19        </intent>
20    </queries>
21
22    <application
22-->src/main/AndroidManifest.xml:7:5-52:19
23        android:name="com.skensa.MainApplication"
23-->src/main/AndroidManifest.xml:8:7-38
24        android:allowBackup="false"
24-->src/main/AndroidManifest.xml:12:7-34
25        android:appComponentFactory="androidx.core.app.CoreComponentFactory"
25-->[androidx.core:core:1.6.0] AndroidManifest.xml:24:18-86
26        android:debuggable="true"
27        android:icon="@mipmap/ic_launcher"
27-->src/main/AndroidManifest.xml:10:7-41
28        android:label="@string/app_name"
28-->src/main/AndroidManifest.xml:9:7-39
29        android:roundIcon="@mipmap/ic_launcher_round"
29-->src/main/AndroidManifest.xml:11:7-52
30        android:theme="@style/AppTheme"
30-->src/main/AndroidManifest.xml:13:7-38
31        android:usesCleartextTraffic="true" >
31-->src/debug/AndroidManifest.xml:8:9-44
32        <activity
32-->src/debug/AndroidManifest.xml:11:9-111
33            android:name="com.facebook.react.devsupport.DevSettingsActivity"
33-->src/debug/AndroidManifest.xml:11:19-83
34            android:exported="false" />
34-->src/debug/AndroidManifest.xml:11:84-108
35        <activity
35-->src/main/AndroidManifest.xml:15:7-25:18
36            android:name="com.skensa.SplashActivity"
36-->src/main/AndroidManifest.xml:16:11-41
37            android:exported="true"
37-->src/main/AndroidManifest.xml:19:11-34
38            android:label="@string/app_name"
38-->src/main/AndroidManifest.xml:18:11-43
39            android:theme="@style/SplashTheme" >
39-->src/main/AndroidManifest.xml:17:11-45
40            <intent-filter>
40-->src/main/AndroidManifest.xml:21:11-24:27
41                <action android:name="android.intent.action.MAIN" />
41-->src/main/AndroidManifest.xml:22:15-67
41-->src/main/AndroidManifest.xml:22:23-64
42
43                <category android:name="android.intent.category.LAUNCHER" />
43-->src/main/AndroidManifest.xml:23:15-75
43-->src/main/AndroidManifest.xml:23:25-72
44            </intent-filter>
45        </activity>
46        <activity
46-->src/main/AndroidManifest.xml:27:7-39:18
47            android:name="com.skensa.MainActivity"
47-->src/main/AndroidManifest.xml:28:9-37
48            android:configChanges="keyboard|keyboardHidden|orientation|screenSize|uiMode"
48-->src/main/AndroidManifest.xml:31:9-86
49            android:exported="true"
49-->src/main/AndroidManifest.xml:29:9-32
50            android:label="@string/app_name"
50-->src/main/AndroidManifest.xml:30:9-41
51            android:launchMode="singleTask"
51-->src/main/AndroidManifest.xml:32:9-40
52            android:windowSoftInputMode="adjustResize" >
52-->src/main/AndroidManifest.xml:33:9-51
53
54            <!--
55        <intent-filter>
56            <action android:name="android.intent.action.MAIN" />
57            <category android:name="android.intent.category.LAUNCHER" />
58        </intent-filter>
59            -->
60        </activity>
61
62        <provider
62-->[:react-native-webview] AndroidManifest.xml:10:9-18:20
63            android:name="com.reactnativecommunity.webview.RNCWebViewFileProvider"
63-->[:react-native-webview] AndroidManifest.xml:11:13-83
64            android:authorities="com.skensa.fileprovider"
64-->[:react-native-webview] AndroidManifest.xml:12:13-64
65            android:exported="false"
65-->[:react-native-webview] AndroidManifest.xml:13:13-37
66            android:grantUriPermissions="true" >
66-->[:react-native-webview] AndroidManifest.xml:14:13-47
67            <meta-data
67-->[:react-native-webview] AndroidManifest.xml:15:13-17:63
68                android:name="android.support.FILE_PROVIDER_PATHS"
68-->[:react-native-webview] AndroidManifest.xml:16:17-67
69                android:resource="@xml/file_provider_paths" />
69-->[:react-native-webview] AndroidManifest.xml:17:17-60
70        </provider>
71
72        <uses-library
72-->[androidx.camera:camera-extensions:1.1.0-beta02] AndroidManifest.xml:31:9-33:40
73            android:name="androidx.camera.extensions.impl"
73-->[androidx.camera:camera-extensions:1.1.0-beta02] AndroidManifest.xml:32:13-59
74            android:required="false" />
74-->[androidx.camera:camera-extensions:1.1.0-beta02] AndroidManifest.xml:33:13-37
75
76        <service
76-->[androidx.camera:camera-camera2:1.1.0-beta02] AndroidManifest.xml:26:9-35:19
77            android:name="androidx.camera.core.impl.MetadataHolderService"
77-->[androidx.camera:camera-camera2:1.1.0-beta02] AndroidManifest.xml:27:13-75
78            android:enabled="false"
78-->[androidx.camera:camera-camera2:1.1.0-beta02] AndroidManifest.xml:28:13-36
79            android:exported="false" >
79-->[androidx.camera:camera-camera2:1.1.0-beta02] AndroidManifest.xml:29:13-37
80            <meta-data
80-->[androidx.camera:camera-camera2:1.1.0-beta02] AndroidManifest.xml:32:13-34:89
81                android:name="androidx.camera.core.impl.MetadataHolderService.DEFAULT_CONFIG_PROVIDER"
81-->[androidx.camera:camera-camera2:1.1.0-beta02] AndroidManifest.xml:33:17-103
82                android:value="androidx.camera.camera2.Camera2Config$DefaultProvider" />
82-->[androidx.camera:camera-camera2:1.1.0-beta02] AndroidManifest.xml:34:17-86
83        </service>
84    </application>
85
86</manifest>